2021-03-03 15:38:51,224 INFO o.a.j.u.JMeterUtils: Setting Locale to en_EN
2021-03-03 15:38:51,264 INFO o.a.j.JMeter: Loading user properties from: /usr/local/Cellar/jmeter/5.3/libexec/bin/user.properties
2021-03-03 15:38:51,265 INFO o.a.j.JMeter: Loading system properties from: /usr/local/Cellar/jmeter/5.3/libexec/bin/system.properties
2021-03-03 15:38:51,267 INFO o.a.j.JMeter: Copyright (c) 1998-2020 The Apache Software Foundation
2021-03-03 15:38:51,267 INFO o.a.j.JMeter: Version 5.3
2021-03-03 15:38:51,267 INFO o.a.j.JMeter: java.version=13.0.1
2021-03-03 15:38:51,267 INFO o.a.j.JMeter: java.vm.name=Java HotSpot(TM) 64-Bit Server VM
2021-03-03 15:38:51,267 INFO o.a.j.JMeter: os.name=Mac OS X
2021-03-03 15:38:51,267 INFO o.a.j.JMeter: os.arch=x86_64
2021-03-03 15:38:51,267 INFO o.a.j.JMeter: os.version=10.16
2021-03-03 15:38:51,267 INFO o.a.j.JMeter: file.encoding=UTF-8
2021-03-03 15:38:51,268 INFO o.a.j.JMeter: java.awt.headless=null
2021-03-03 15:38:51,268 INFO o.a.j.JMeter: Max memory     =1073741824
2021-03-03 15:38:51,268 INFO o.a.j.JMeter: Available Processors =8
2021-03-03 15:38:51,279 INFO o.a.j.JMeter: Default Locale=English (EN)
2021-03-03 15:38:51,280 INFO o.a.j.JMeter: JMeter  Locale=English (EN)
2021-03-03 15:38:51,280 INFO o.a.j.JMeter: JMeterHome=/usr/local/Cellar/jmeter/5.3/libexec
2021-03-03 15:38:51,280 INFO o.a.j.JMeter: user.dir  =/Users/danielaraya/Documents/Ucreativa/UCreativa_III/API Automation Testing/Restassured_Exam_DAIII_Auto_API
2021-03-03 15:38:51,280 INFO o.a.j.JMeter: PWD       =/Users/danielaraya/Documents/Ucreativa/UCreativa_III/API Automation Testing/Restassured_Exam_DAIII_Auto_API
2021-03-03 15:38:51,281 INFO o.a.j.JMeter: IP: 192.168.0.33 Name: Daniels-MacBook-Pro.local FullName: 192.168.0.33
2021-03-03 15:38:51,803 INFO o.a.j.JMeter: Setting LAF to: com.github.weisj.darklaf.DarkLaf:com.github.weisj.darklaf.theme.DarculaTheme
2021-03-03 15:38:53,638 INFO o.a.j.JMeter: Loaded icon properties from org/apache/jmeter/images/icon.properties
2021-03-03 15:38:54,731 INFO o.j.r.JARSourceHTTP: Requesting https://jmeter-plugins.org/repo/?installID=mac_os_x-4f2d6f5e8149cb290aa46f2ba8d62f85-gui
2021-03-03 15:38:56,863 INFO o.j.r.PluginManager: Plugins Status: [jpgc-casutg=2.9, jpgc-plugins-manager=1.6, bzm-random-csv=0.7, jmeter-core=5.3, jmeter-ftp=5.3, jmeter-http=5.3, jmeter-jdbc=5.3, jmeter-jms=5.3, jmeter-junit=5.3, jmeter-java=5.3, jmeter-ldap=5.3, jmeter-mail=5.3, jmeter-mongodb=5.3, jmeter-native=5.3, jmeter-tcp=5.3, jmeter-components=5.3]
2021-03-03 15:39:10,866 INFO o.a.j.s.FileServer: Default base='/Users/danielaraya/Documents/Ucreativa/UCreativa_III/API Automation Testing/Restassured_Exam_DAIII_Auto_API'
2021-03-03 15:39:10,885 INFO o.a.j.g.a.Load: Loading file: /Users/danielaraya/Documents/Ucreativa/UCreativa_III/Jmeter/Jmeter DA Exam.jmx
2021-03-03 15:39:10,886 INFO o.a.j.s.FileServer: Set new base='/Users/danielaraya/Documents/Ucreativa/UCreativa_III/Jmeter'
2021-03-03 15:39:11,036 INFO o.a.j.s.SaveService: Testplan (JMX) version: 2.2. Testlog (JTL) version: 2.2
2021-03-03 15:39:11,043 INFO o.a.j.s.SaveService: Using SaveService properties version 5.0
2021-03-03 15:39:11,045 INFO o.a.j.s.SaveService: Using SaveService properties file encoding UTF-8
2021-03-03 15:39:11,046 INFO o.a.j.s.SaveService: Loading file: /Users/danielaraya/Documents/Ucreativa/UCreativa_III/Jmeter/Jmeter DA Exam.jmx
2021-03-03 15:39:11,168 INFO o.a.j.p.h.s.HTTPSamplerBase: Parser for text/html is org.apache.jmeter.protocol.http.parser.LagartoBasedHtmlParser
2021-03-03 15:39:11,168 INFO o.a.j.p.h.s.HTTPSamplerBase: Parser for application/xhtml+xml is org.apache.jmeter.protocol.http.parser.LagartoBasedHtmlParser
2021-03-03 15:39:11,168 INFO o.a.j.p.h.s.HTTPSamplerBase: Parser for application/xml is org.apache.jmeter.protocol.http.parser.LagartoBasedHtmlParser
2021-03-03 15:39:11,169 INFO o.a.j.p.h.s.HTTPSamplerBase: Parser for text/xml is org.apache.jmeter.protocol.http.parser.LagartoBasedHtmlParser
2021-03-03 15:39:11,169 INFO o.a.j.p.h.s.HTTPSamplerBase: Parser for text/vnd.wap.wml is org.apache.jmeter.protocol.http.parser.RegexpHTMLParser
2021-03-03 15:39:11,169 INFO o.a.j.p.h.s.HTTPSamplerBase: Parser for text/css is org.apache.jmeter.protocol.http.parser.CssParser
2021-03-03 15:39:11,296 INFO o.a.j.s.SampleResult: Note: Sample TimeStamps are START times
2021-03-03 15:39:11,296 INFO o.a.j.s.SampleResult: sampleresult.default.encoding is set to ISO-8859-1
2021-03-03 15:39:11,296 INFO o.a.j.s.SampleResult: sampleresult.useNanoTime=true
2021-03-03 15:39:11,296 INFO o.a.j.s.SampleResult: sampleresult.nanoThreadSleep=5000
2021-03-03 15:39:11,435 INFO o.a.j.v.ViewResultsFullVisualizer: Add JavaFX to your Java installation if you want to use renderer: org.apache.jmeter.visualizers.RenderInBrowser
2021-03-03 15:39:11,490 INFO o.a.j.v.ViewResultsFullVisualizer: Add JavaFX to your Java installation if you want to use renderer: org.apache.jmeter.visualizers.RenderInBrowser
2021-03-03 15:39:11,536 INFO o.a.j.v.ViewResultsFullVisualizer: Add JavaFX to your Java installation if you want to use renderer: org.apache.jmeter.visualizers.RenderInBrowser
2021-03-03 15:39:11,807 INFO o.a.j.s.FileServer: Set new base='/Users/danielaraya/Documents/Ucreativa/UCreativa_III/Jmeter'
2021-03-03 15:40:26,618 INFO o.a.j.e.StandardJMeterEngine: Running the test!
2021-03-03 15:40:26,620 INFO o.a.j.s.SampleEvent: List of sample_variables: []
2021-03-03 15:40:26,620 INFO o.a.j.s.SampleEvent: List of sample_variables: []
2021-03-03 15:40:26,621 INFO o.a.j.e.u.CompoundVariable: Note: Function class names must contain the string: '.functions.'
2021-03-03 15:40:26,621 INFO o.a.j.e.u.CompoundVariable: Note: Function class names must not contain the string: '.gui.'
2021-03-03 15:40:26,892 INFO o.a.j.g.u.JMeterMenuBar: setRunning(true, *local*)
2021-03-03 15:40:26,935 INFO o.a.j.e.StandardJMeterEngine: Starting ThreadGroup: 1 : Thread Group
2021-03-03 15:40:26,935 INFO o.a.j.e.StandardJMeterEngine: Starting 10 threads for group Thread Group.
2021-03-03 15:40:26,935 INFO o.a.j.e.StandardJMeterEngine: Thread will continue on error
2021-03-03 15:40:26,936 INFO o.a.j.t.ThreadGroup: Starting thread group... number=1 threads=10 ramp-up=1 delayedStart=false
2021-03-03 15:40:26,945 INFO o.a.j.t.JMeterThread: Thread started: Thread Group 1-1
2021-03-03 15:40:26,948 INFO c.b.c.RandomCSVReader: Start reading the file: /Users/danielaraya/Documents/Ucreativa/UCreativa_III/Jmeter/SearchJmeter.csv
2021-03-03 15:40:26,948 INFO o.a.j.t.ThreadGroup: Started thread group number 1
2021-03-03 15:40:26,948 INFO o.a.j.e.StandardJMeterEngine: All thread groups have been started
2021-03-03 15:40:26,952 INFO c.b.c.RandomCSVReader: Reading finished. Found 1 records in your csv file
2021-03-03 15:40:26,953 INFO c.b.c.RandomCSVReader: Start reading the file: /Users/danielaraya/Documents/Ucreativa/UCreativa_III/Jmeter/SearchJmeter.csv
2021-03-03 15:40:26,953 INFO c.b.c.RandomCSVReader: Reading finished. Found 1 records in your csv file
2021-03-03 15:40:27,044 INFO o.a.j.t.JMeterThread: Thread started: Thread Group 1-2
2021-03-03 15:40:27,143 INFO o.a.j.t.JMeterThread: Thread started: Thread Group 1-3
2021-03-03 15:40:27,239 INFO o.a.j.t.JMeterThread: Thread started: Thread Group 1-4
2021-03-03 15:40:27,340 INFO o.a.j.t.JMeterThread: Thread started: Thread Group 1-5
2021-03-03 15:40:27,437 INFO o.a.j.t.JMeterThread: Thread started: Thread Group 1-6
2021-03-03 15:40:27,541 INFO o.a.j.t.JMeterThread: Thread started: Thread Group 1-7
2021-03-03 15:40:27,637 INFO o.a.j.t.JMeterThread: Thread started: Thread Group 1-8
2021-03-03 15:40:27,736 INFO o.a.j.t.JMeterThread: Thread started: Thread Group 1-9
2021-03-03 15:40:27,838 INFO o.a.j.t.JMeterThread: Thread started: Thread Group 1-10
2021-03-03 15:40:28,965 INFO o.a.j.p.h.s.HTTPHCAbstractImpl: Local host = Daniels-MacBook-Pro.local
2021-03-03 15:40:28,974 INFO o.a.j.p.h.s.HTTPHC4Impl: HTTP request retry count = 0
2021-03-03 15:40:29,078 INFO o.a.j.p.h.s.h.LazyLayeredConnectionSocketFactory: Setting up HTTPS TrustAll Socket Factory
2021-03-03 15:40:29,080 INFO o.a.j.u.JsseSSLManager: Using default SSL protocol: TLS
2021-03-03 15:40:29,080 INFO o.a.j.u.JsseSSLManager: SSL session context: per-thread
2021-03-03 15:40:29,152 INFO o.a.j.u.SSLManager: JmeterKeyStore Location:  type JKS
2021-03-03 15:40:29,153 INFO o.a.j.u.SSLManager: KeyStore created OK
2021-03-03 15:40:29,153 WARN o.a.j.u.SSLManager: Keystore file not found, loading empty keystore
2021-03-03 15:40:35,289 INFO o.a.j.t.JMeterThread: Thread is done: Thread Group 1-1
2021-03-03 15:40:35,290 INFO o.a.j.t.JMeterThread: Thread finished: Thread Group 1-1
2021-03-03 15:40:35,309 INFO o.a.j.t.JMeterThread: Thread is done: Thread Group 1-4
2021-03-03 15:40:35,309 INFO o.a.j.t.JMeterThread: Thread finished: Thread Group 1-4
2021-03-03 15:40:35,323 INFO o.a.j.t.JMeterThread: Thread is done: Thread Group 1-6
2021-03-03 15:40:35,323 INFO o.a.j.t.JMeterThread: Thread finished: Thread Group 1-6
2021-03-03 15:40:35,384 INFO o.a.j.t.JMeterThread: Thread is done: Thread Group 1-3
2021-03-03 15:40:35,384 INFO o.a.j.t.JMeterThread: Thread finished: Thread Group 1-3
2021-03-03 15:40:35,414 INFO o.a.j.t.JMeterThread: Thread is done: Thread Group 1-2
2021-03-03 15:40:35,414 INFO o.a.j.t.JMeterThread: Thread finished: Thread Group 1-2
2021-03-03 15:40:35,509 INFO o.a.j.t.JMeterThread: Thread is done: Thread Group 1-5
2021-03-03 15:40:35,510 INFO o.a.j.t.JMeterThread: Thread finished: Thread Group 1-5
2021-03-03 15:40:35,777 INFO o.a.j.t.JMeterThread: Thread is done: Thread Group 1-8
2021-03-03 15:40:35,777 INFO o.a.j.t.JMeterThread: Thread finished: Thread Group 1-8
2021-03-03 15:40:35,785 INFO o.a.j.t.JMeterThread: Thread is done: Thread Group 1-7
2021-03-03 15:40:35,785 INFO o.a.j.t.JMeterThread: Thread finished: Thread Group 1-7
2021-03-03 15:40:36,370 INFO o.a.j.t.JMeterThread: Thread is done: Thread Group 1-10
2021-03-03 15:40:36,371 INFO o.a.j.t.JMeterThread: Thread finished: Thread Group 1-10
2021-03-03 15:40:36,632 INFO o.a.j.t.JMeterThread: Thread is done: Thread Group 1-9
2021-03-03 15:40:36,632 INFO o.a.j.t.JMeterThread: Thread finished: Thread Group 1-9
2021-03-03 15:40:36,633 INFO o.a.j.e.StandardJMeterEngine: Starting tearDown thread groups
2021-03-03 15:40:36,633 INFO o.a.j.e.StandardJMeterEngine: Starting tearDown ThreadGroup: 1 : tearDown Thread Group
2021-03-03 15:40:36,633 INFO o.a.j.e.StandardJMeterEngine: Starting 1 threads for group tearDown Thread Group.
2021-03-03 15:40:36,633 INFO o.a.j.e.StandardJMeterEngine: Thread will continue on error
2021-03-03 15:40:36,633 INFO o.a.j.t.ThreadGroup: Starting thread group... number=1 threads=1 ramp-up=1 delayedStart=false
2021-03-03 15:40:36,634 INFO o.a.j.t.ThreadGroup: Started thread group number 1
2021-03-03 15:40:36,634 INFO o.a.j.t.JMeterThread: Thread started: tearDown Thread Group 1-1
2021-03-03 15:40:39,240 INFO o.a.j.p.j.s.J.Test Completed Notification: Test has completed
2021-03-03 15:40:39,240 INFO o.a.j.t.JMeterThread: Thread is done: tearDown Thread Group 1-1
2021-03-03 15:40:39,240 INFO o.a.j.t.JMeterThread: Thread finished: tearDown Thread Group 1-1
2021-03-03 15:40:39,240 INFO o.a.j.e.StandardJMeterEngine: Notifying test listeners of end of test
2021-03-03 15:40:39,241 INFO o.a.j.g.u.JMeterMenuBar: setRunning(false, *local*)
